{
  "0 debug pnpm:scope": {
    "selected": 1
  },
  "1 debug pnpm:package-manifest": {
    "initial": {
      "name": "my-tdd",
      "version": "1.0.0",
      "description": "",
      "main": "index.js",
      "scripts": {
        "test": "echo \"Error: no test specified\" && exit 1"
      },
      "keywords": [],
      "author": "guopd",
      "license": "ISC"
    },
    "prefix": "/Users/guopd/codeDemo/my-tdd"
  },
  "2 debug pnpm:context": {
    "currentLockfileExists": false,
    "storeDir": "/Users/guopd/.pnpm-store/v3",
    "virtualStoreDir": "/Users/guopd/codeDemo/my-tdd/node_modules/.pnpm"
  },
  "3 debug pnpm:stage": {
    "prefix": "/Users/guopd/codeDemo/my-tdd",
    "stage": "resolution_started"
  },
  "4 error pnpm": {
    "code": "ERR_PNPM_SPEC_NOT_SUPPORTED_BY_ANY_RESOLVER",
    "pkgsStack": [],
    "err": {
      "name": "pnpm",
      "message": "_D isn't supported by any available resolver.",
      "code": "ERR_PNPM_SPEC_NOT_SUPPORTED_BY_ANY_RESOLVER",
      "stack": "pnpm: _D isn't supported by any available resolver.\n    at Object.resolve (/usr/local/lib/node_modules/pnpm/dist/pnpm.cjs:86119:17)\n    at async run (/usr/local/lib/node_modules/pnpm/dist/pnpm.cjs:74193:23)"
    }
  }
}